{"name": "test_answerquestion[content2]", "status": "broken", "statusDetails": {"message": "selenium.common.exceptions.NoSuchElementException: Message: no such element: Unable to locate element: {\"method\":\"xpath\",\"selector\":\"//*[@id=\"app\"]/section/header/div/div[1]/div[1]/img\"}\n  (Session info: chrome=112.0.5615.138)\nStacktrace:\nBacktrace:\n\tGetHandleVerifier [0x0066DCE3+50899]\n\t(No symbol) [0x005FE111]\n\t(No symbol) [0x00505588]\n\t(No symbol) [0x005308F9]\n\t(No symbol) [0x00530AFB]\n\t(No symbol) [0x0055F902]\n\t(No symbol) [0x0054B944]\n\t(No symbol) [0x0055E01C]\n\t(No symbol) [0x0054B6F6]\n\t(No symbol) [0x00527708]\n\t(No symbol) [0x0052886D]\n\tGetHandleVerifier [0x008D3EAE+2566302]\n\tGetHandleVerifier [0x009092B1+2784417]\n\tGetHandleVerifier [0x0090327C+2759788]\n\tGetHandleVerifier [0x00705740+672048]\n\t(No symbol) [0x00608872]\n\t(No symbol) [0x006041C8]\n\t(No symbol) [0x006042AB]\n\t(No symbol) [0x005F71B7]\n\tBaseThreadInitThunk [0x773A0099+25]\n\tRtlGetAppContainerNamedObjectPath [0x77C87B6E+286]\n\tRtlGetAppContainerNamedObjectPath [0x77C87B3E+238]", "trace": "self = <case.test_answerquestion.Test_Answerquestion object at 0x00000157971F7DA0>\ncontent = ('java',)\n\n    @pytest.mark.parametrize(\"content\",reda_pytestdata(yamlfile, 'test_answerquestion'))\n    def test_answerquestion(self,content):\n    \n        wd=webdriver.Chrome()\n        wd.maximize_window()\n        wd.get('http://10.22.33.101:32752/ind_net_fvue/index')\n        time.sleep(1)\n        try:\n            loginelement=wd.find_element(By.XPATH,'//*[@id=\"app\"]/section/div/div[1]/div/ul/div[2]/li[4]/div/span')\n            #//*[@id=\"app\"]/section/div/div[1]/div/ul/div[2]/li[4]/div/span\n        except NoSuchElementException:\n            print('没有登录这个元素')\n        loginelement.click()\n        # handles=wd.window_handles\n        # wd.switch_to.window(handles[1])\n        # print(wd.current_url)\n        wd.find_element(By.XPATH,'//*[@id=\"app\"]/section/section/main/div/div/div/div/form/div[2]/div/div[1]/input').send_keys('admin')\n        wd.find_element(By.XPATH,'//*[@id=\"app\"]/section/section/main/div/div/div/div/form/div[3]/div/div[1]/input').send_keys('Indnet123&')\n        wd.find_element(By.XPATH,'//*[@id=\"app\"]/section/section/main/div/div/div/div/form/div[4]/button').click()\n        time.sleep(2)\n>       wd.find_element(By.XPATH,'//*[@id=\"app\"]/section/header/div/div[1]/div[1]/img').click()\n\ntest_answerquestion.py:36: \n_ _ _ _ _ _ _ _ _ _ _ _ _ _ _ _ _ _ _ _ _ _ _ _ _ _ _ _ _ _ _ _ _ _ _ _ _ _ _ _\n..\\venv\\lib\\site-packages\\selenium\\webdriver\\remote\\webdriver.py:830: in find_element\n    return self.execute(Command.FIND_ELEMENT, {\"using\": by, \"value\": value})[\"value\"]\n..\\venv\\lib\\site-packages\\selenium\\webdriver\\remote\\webdriver.py:440: in execute\n    self.error_handler.check_response(response)\n_ _ _ _ _ _ _ _ _ _ _ _ _ _ _ _ _ _ _ _ _ _ _ _ _ _ _ _ _ _ _ _ _ _ _ _ _ _ _ _\n\nself = <selenium.webdriver.remote.errorhandler.ErrorHandler object at 0x0000015797392908>\nresponse = {'status': 404, 'value': '{\"value\":{\"error\":\"no such element\",\"message\":\"no such element: Unable to locate element: {\\...\\n\\\\tRtlGetAppContainerNamedObjectPath [0x77C87B6E+286]\\\\n\\\\tRtlGetAppContainerNamedObjectPath [0x77C87B3E+238]\\\\n\"}}'}\n\n    def check_response(self, response: Dict[str, Any]) -> None:\n        \"\"\"Checks that a JSON response from the WebDriver does not have an\n        error.\n    \n        :Args:\n         - response - The JSON response from the WebDriver server as a dictionary\n           object.\n    \n        :Raises: If the response contains an error message.\n        \"\"\"\n        status = response.get(\"status\", None)\n        if not status or status == ErrorCode.SUCCESS:\n            return\n        value = None\n        message = response.get(\"message\", \"\")\n        screen: str = response.get(\"screen\", \"\")\n        stacktrace = None\n        if isinstance(status, int):\n            value_json = response.get(\"value\", None)\n            if value_json and isinstance(value_json, str):\n                import json\n    \n                try:\n                    value = json.loads(value_json)\n                    if len(value.keys()) == 1:\n                        value = value[\"value\"]\n                    status = value.get(\"error\", None)\n                    if not status:\n                        status = value.get(\"status\", ErrorCode.UNKNOWN_ERROR)\n                        message = value.get(\"value\") or value.get(\"message\")\n                        if not isinstance(message, str):\n                            value = message\n                            message = message.get(\"message\")\n                    else:\n                        message = value.get(\"message\", None)\n                except ValueError:\n                    pass\n    \n        exception_class: Type[WebDriverException]\n        if status in ErrorCode.NO_SUCH_ELEMENT:\n            exception_class = NoSuchElementException\n        elif status in ErrorCode.NO_SUCH_FRAME:\n            exception_class = NoSuchFrameException\n        elif status in ErrorCode.NO_SUCH_SHADOW_ROOT:\n            exception_class = NoSuchShadowRootException\n        elif status in ErrorCode.NO_SUCH_WINDOW:\n            exception_class = NoSuchWindowException\n        elif status in ErrorCode.STALE_ELEMENT_REFERENCE:\n            exception_class = StaleElementReferenceException\n        elif status in ErrorCode.ELEMENT_NOT_VISIBLE:\n            exception_class = ElementNotVisibleException\n        elif status in ErrorCode.INVALID_ELEMENT_STATE:\n            exception_class = InvalidElementStateException\n        elif (\n            status in ErrorCode.INVALID_SELECTOR\n            or status in ErrorCode.INVALID_XPATH_SELECTOR\n            or status in ErrorCode.INVALID_XPATH_SELECTOR_RETURN_TYPER\n        ):\n            exception_class = InvalidSelectorException\n        elif status in ErrorCode.ELEMENT_IS_NOT_SELECTABLE:\n            exception_class = ElementNotSelectableException\n        elif status in ErrorCode.ELEMENT_NOT_INTERACTABLE:\n            exception_class = ElementNotInteractableException\n        elif status in ErrorCode.INVALID_COOKIE_DOMAIN:\n            exception_class = InvalidCookieDomainException\n        elif status in ErrorCode.UNABLE_TO_SET_COOKIE:\n            exception_class = UnableToSetCookieException\n        elif status in ErrorCode.TIMEOUT:\n            exception_class = TimeoutException\n        elif status in ErrorCode.SCRIPT_TIMEOUT:\n            exception_class = TimeoutException\n        elif status in ErrorCode.UNKNOWN_ERROR:\n            exception_class = WebDriverException\n        elif status in ErrorCode.UNEXPECTED_ALERT_OPEN:\n            exception_class = UnexpectedAlertPresentException\n        elif status in ErrorCode.NO_ALERT_OPEN:\n            exception_class = NoAlertPresentException\n        elif status in ErrorCode.IME_NOT_AVAILABLE:\n            exception_class = ImeNotAvailableException\n        elif status in ErrorCode.IME_ENGINE_ACTIVATION_FAILED:\n            exception_class = ImeActivationFailedException\n        elif status in ErrorCode.MOVE_TARGET_OUT_OF_BOUNDS:\n            exception_class = MoveTargetOutOfBoundsException\n        elif status in ErrorCode.JAVASCRIPT_ERROR:\n            exception_class = JavascriptException\n        elif status in ErrorCode.SESSION_NOT_CREATED:\n            exception_class = SessionNotCreatedException\n        elif status in ErrorCode.INVALID_ARGUMENT:\n            exception_class = InvalidArgumentException\n        elif status in ErrorCode.NO_SUCH_COOKIE:\n            exception_class = NoSuchCookieException\n        elif status in ErrorCode.UNABLE_TO_CAPTURE_SCREEN:\n            exception_class = ScreenshotException\n        elif status in ErrorCode.ELEMENT_CLICK_INTERCEPTED:\n            exception_class = ElementClickInterceptedException\n        elif status in ErrorCode.INSECURE_CERTIFICATE:\n            exception_class = InsecureCertificateException\n        elif status in ErrorCode.INVALID_COORDINATES:\n            exception_class = InvalidCoordinatesException\n        elif status in ErrorCode.INVALID_SESSION_ID:\n            exception_class = InvalidSessionIdException\n        elif status in ErrorCode.UNKNOWN_METHOD:\n            exception_class = UnknownMethodException\n        else:\n            exception_class = WebDriverException\n        if not value:\n            value = response[\"value\"]\n        if isinstance(value, str):\n            raise exception_class(value)\n        if message == \"\" and \"message\" in value:\n            message = value[\"message\"]\n    \n        screen = None  # type: ignore[assignment]\n        if \"screen\" in value:\n            screen = value[\"screen\"]\n    \n        stacktrace = None\n        st_value = value.get(\"stackTrace\") or value.get(\"stacktrace\")\n        if st_value:\n            if isinstance(st_value, str):\n                stacktrace = st_value.split(\"\\n\")\n            else:\n                stacktrace = []\n                try:\n                    for frame in st_value:\n                        line = frame.get(\"lineNumber\", \"\")\n                        file = frame.get(\"fileName\", \"<anonymous>\")\n                        if line:\n                            file = f\"{file}:{line}\"\n                        meth = frame.get(\"methodName\", \"<anonymous>\")\n                        if \"className\" in frame:\n                            meth = f\"{frame['className']}.{meth}\"\n                        msg = \"    at %s (%s)\"\n                        msg = msg % (meth, file)\n                        stacktrace.append(msg)\n                except TypeError:\n                    pass\n        if exception_class == UnexpectedAlertPresentException:\n            alert_text = None\n            if \"data\" in value:\n                alert_text = value[\"data\"].get(\"text\")\n            elif \"alert\" in value:\n                alert_text = value[\"alert\"].get(\"text\")\n            raise exception_class(message, screen, stacktrace, alert_text)  # type: ignore[call-arg]  # mypy is not smart enough here\n>       raise exception_class(message, screen, stacktrace)\nE       selenium.common.exceptions.NoSuchElementException: Message: no such element: Unable to locate element: {\"method\":\"xpath\",\"selector\":\"//*[@id=\"app\"]/section/header/div/div[1]/div[1]/img\"}\nE         (Session info: chrome=112.0.5615.138)\nE       Stacktrace:\nE       Backtrace:\nE       \tGetHandleVerifier [0x0066DCE3+50899]\nE       \t(No symbol) [0x005FE111]\nE       \t(No symbol) [0x00505588]\nE       \t(No symbol) [0x005308F9]\nE       \t(No symbol) [0x00530AFB]\nE       \t(No symbol) [0x0055F902]\nE       \t(No symbol) [0x0054B944]\nE       \t(No symbol) [0x0055E01C]\nE       \t(No symbol) [0x0054B6F6]\nE       \t(No symbol) [0x00527708]\nE       \t(No symbol) [0x0052886D]\nE       \tGetHandleVerifier [0x008D3EAE+2566302]\nE       \tGetHandleVerifier [0x009092B1+2784417]\nE       \tGetHandleVerifier [0x0090327C+2759788]\nE       \tGetHandleVerifier [0x00705740+672048]\nE       \t(No symbol) [0x00608872]\nE       \t(No symbol) [0x006041C8]\nE       \t(No symbol) [0x006042AB]\nE       \t(No symbol) [0x005F71B7]\nE       \tBaseThreadInitThunk [0x773A0099+25]\nE       \tRtlGetAppContainerNamedObjectPath [0x77C87B6E+286]\nE       \tRtlGetAppContainerNamedObjectPath [0x77C87B3E+238]\n\n..\\venv\\lib\\site-packages\\selenium\\webdriver\\remote\\errorhandler.py:245: NoSuchElementException"}, "parameters": [{"name": "content", "value": "('java',)"}], "start": 1684112818211, "stop": 1684112905857, "uuid": "4b740e5f-1148-4f29-8530-c9ea6eac8f65", "historyId": "7dd2a49ace2782be2f82121d06515521", "testCaseId": "3fdb22af7c7973550c0975371dd3e7ed", "fullName": "test_answerquestion.Test_Answerquestion#test_answerquestion", "labels": [{"name": "suite", "value": "test_answerquestion"}, {"name": "subSuite", "value": "Test_Answerquestion"}, {"name": "host", "value": "mrzhai"}, {"name": "thread", "value": "7592-MainThread"}, {"name": "framework", "value": "pytest"}, {"name": "language", "value": "cpython3"}, {"name": "package", "value": "test_answerquestion"}]}